<?xml version="1.0" encoding="UTF-8"?>
<!-- Generated by org.testng.reporters.JUnitReportReporter -->
<testsuite hostname="Anil" failures="0" tests="1" name="DWS.Task5_RemoveHighestPriceProduct" time="12.680" errors="0" timestamp="2024-08-09T10:36:22 IST" skipped="0">
  <testcase classname="DWS.Task5_RemoveHighestPriceProduct" name="highestPrice" time="12.680"/>
</testsuite> <!-- DWS.Task5_RemoveHighestPriceProduct -->
