<?xml version="1.0" encoding="UTF-8"?>
<!-- Generated by org.testng.reporters.JUnitReportReporter -->
<testsuite hostname="Anil" failures="0" tests="1" name="Vtiger.Task6" time="20.790" errors="0" timestamp="2024-08-09T10:56:52 IST" skipped="0">
  <testcase classname="Vtiger.Task6" name="createOrganization" time="20.790">
    <system-out>
      <![CDATA[createOrganization
onTestSuccess]]>
    </system-out>
  </testcase> <!-- createOrganization -->
  <system-out>
    <![CDATA[onStart
createOrganization
onTestSuccess]]>
  </system-out>
</testsuite> <!-- Vtiger.Task6 -->
