<?xml version="1.0" encoding="UTF-8"?>
<!-- Generated by org.testng.reporters.JUnitReportReporter -->
<testsuite hostname="Anil" failures="0" tests="1" name="DWS.Task2" time="16.693" errors="0" timestamp="2024-08-09T10:52:28 IST" skipped="0">
  <testcase classname="DWS.Task2" name="signUpSocialMedia" time="16.693">
    <system-out>
      <![CDATA[signUpSocialMedia
onTestSuccess]]>
    </system-out>
  </testcase> <!-- signUpSocialMedia -->
  <system-out>
    <![CDATA[onStart
signUpSocialMedia
onTestSuccess
giftCard
onTestFailure
highestPrice
onTestSuccess]]>
  </system-out>
</testsuite> <!-- DWS.Task2 -->
