<?xml version="1.0" encoding="UTF-8"?>
<!-- Generated by org.testng.reporters.JUnitReportReporter -->
<testsuite hostname="Anil" failures="0" tests="1" name="DWS.Task5" time="11.818" errors="0" timestamp="2024-08-09T10:52:28 IST" skipped="0">
  <testcase classname="DWS.Task5" name="highestPrice" time="11.818">
    <system-out>
      <![CDATA[highestPrice
onTestSuccess]]>
    </system-out>
  </testcase> <!-- highestPrice -->
  <system-out>
    <![CDATA[onStart
signUpSocialMedia
onTestSuccess
giftCard
onTestFailure
highestPrice
onTestSuccess]]>
  </system-out>
</testsuite> <!-- DWS.Task5 -->
