<?xml version="1.0" encoding="UTF-8"?>
<!-- Generated by org.testng.reporters.JUnitReportReporter -->
<testsuite hostname="Anil" failures="0" tests="1" name="DWS.Task2_FillFacebookDetails" time="14.506" errors="0" timestamp="2024-08-09T10:35:50 IST" skipped="0">
  <testcase classname="DWS.Task2_FillFacebookDetails" name="signUpSocialMedia" time="14.506"/>
</testsuite> <!-- DWS.Task2_FillFacebookDetails -->
